<?xml version="1.0" encoding="UTF-8"?>
<!-- Generated by org.testng.reporters.JUnitReportReporter -->
<testsuite hostname="INSISCILT-4035" failures="0" tests="1" name="org.com.tests.verifyRCBTeam" time="0.015" errors="0" timestamp="2022-09-22T10:44:18 IST" skipped="0">
  <testcase classname="org.com.tests.verifyRCBTeam" name="validateRCBTeam" time="0.015"/>
  <system-out>
    <![CDATA[there should be at-least one wicket-keeper in RCB team actual:1
four foreign players should be in RCB team actual: 4 expected: 4]]>
  </system-out>
</testsuite> <!-- org.com.tests.verifyRCBTeam -->
